<?xml version="1.0" encoding="UTF-8"?>
<testng-results ignored="0" total="3" passed="3" failed="0" skipped="0">
  <reporter-output>
  </reporter-output>
  <suite started-at="2020-05-16T14:29:54 PDT" name="Suite" finished-at="2020-05-16T14:29:54 PDT" duration-ms="41">
    <groups>
    </groups>
    <test started-at="2020-05-16T14:29:54 PDT" name="Test" finished-at="2020-05-16T14:29:54 PDT" duration-ms="41">
      <class name="smoke.SmokeTesting">
        <test-method is-config="true" signature="beforeTest()[pri:0, instance:smoke.SmokeTesting@7a52f2a2]" started-at="2020-05-16T14:29:54 PDT" name="beforeTest" finished-at="2020-05-16T14:29:54 PDT" duration-ms="6" status="PASS">
          <reporter-output>
          </reporter-output>
        </test-method> <!-- beforeTest -->
        <test-method signature="Search()[pri:0, instance:smoke.SmokeTesting@7a52f2a2]" started-at="2020-05-16T14:29:54 PDT" name="Search" finished-at="2020-05-16T14:29:54 PDT" duration-ms="4" status="PASS">
          <reporter-output>
          </reporter-output>
        </test-method> <!-- Search -->
        <test-method is-config="true" signature="beforeMethod()[pri:0, instance:smoke.SmokeTesting@7a52f2a2]" started-at="2020-05-16T14:29:54 PDT" name="beforeMethod" finished-at="2020-05-16T14:29:54 PDT" duration-ms="0" status="PASS">
          <reporter-output>
          </reporter-output>
        </test-method> <!-- beforeMethod -->
        <test-method is-config="true" signature="afterMethod()[pri:0, instance:smoke.SmokeTesting@7a52f2a2]" started-at="2020-05-16T14:29:54 PDT" name="afterMethod" finished-at="2020-05-16T14:29:54 PDT" duration-ms="0" status="PASS">
          <reporter-output>
          </reporter-output>
        </test-method> <!-- afterMethod -->
        <test-method is-config="true" signature="beforeMethod()[pri:0, instance:smoke.SmokeTesting@7a52f2a2]" started-at="2020-05-16T14:29:54 PDT" name="beforeMethod" finished-at="2020-05-16T14:29:54 PDT" duration-ms="1" status="PASS">
          <reporter-output>
          </reporter-output>
        </test-method> <!-- beforeMethod -->
        <test-method signature="f()[pri:0, instance:smoke.SmokeTesting@7a52f2a2]" started-at="2020-05-16T14:29:54 PDT" name="f" finished-at="2020-05-16T14:29:54 PDT" duration-ms="2" status="PASS">
          <reporter-output>
          </reporter-output>
        </test-method> <!-- f -->
        <test-method is-config="true" signature="afterMethod()[pri:0, instance:smoke.SmokeTesting@7a52f2a2]" started-at="2020-05-16T14:29:54 PDT" name="afterMethod" finished-at="2020-05-16T14:29:54 PDT" duration-ms="0" status="PASS">
          <reporter-output>
          </reporter-output>
        </test-method> <!-- afterMethod -->
        <test-method is-config="true" signature="beforeMethod()[pri:0, instance:smoke.SmokeTesting@7a52f2a2]" started-at="2020-05-16T14:29:54 PDT" name="beforeMethod" finished-at="2020-05-16T14:29:54 PDT" duration-ms="0" status="PASS">
          <reporter-output>
          </reporter-output>
        </test-method> <!-- beforeMethod -->
        <test-method signature="login()[pri:0, instance:smoke.SmokeTesting@7a52f2a2]" started-at="2020-05-16T14:29:54 PDT" name="login" finished-at="2020-05-16T14:29:54 PDT" duration-ms="1" status="PASS">
          <reporter-output>
          </reporter-output>
        </test-method> <!-- login -->
        <test-method is-config="true" signature="afterMethod()[pri:0, instance:smoke.SmokeTesting@7a52f2a2]" started-at="2020-05-16T14:29:54 PDT" name="afterMethod" finished-at="2020-05-16T14:29:54 PDT" duration-ms="0" status="PASS">
          <reporter-output>
          </reporter-output>
        </test-method> <!-- afterMethod -->
        <test-method is-config="true" signature="afterTest()[pri:0, instance:smoke.SmokeTesting@7a52f2a2]" started-at="2020-05-16T14:29:54 PDT" name="afterTest" finished-at="2020-05-16T14:29:54 PDT" duration-ms="0" status="PASS">
          <reporter-output>
          </reporter-output>
        </test-method> <!-- afterTest -->
      </class> <!-- smoke.SmokeTesting -->
    </test> <!-- Test -->
  </suite> <!-- Suite -->
</testng-results>
